INFO - it's work!
INFO - it's work!
WARN - Bad!
INFO - 15
INFO - 15
INFO - 20
INFO - 15
INFO - [9.0, 5.0, 4.0, 10.0, 1.0, 0.0, 0.0, 1.0, 10.0, 4.0, 5.0, 9.0, 0.0, 0.0, 0.0, 0.0, 0.0, 0.0, 0.0, 0.0]
INFO - [0.0, 0.0, 0.0, 0.0, 0.0, 0.0, 0.0, 0.0, 0.0, 0.0]
INFO - [9.0, 5.0, 4.0, 10.0, 1.0, 0.0, 0.0, 1.0, 10.0, 4.0, 5.0, 9.0, 0.0, 0.0, 0.0, 0.0, 0.0, 0.0, 0.0, 0.0]
INFO - [0.0, 0.0, 0.0, 0.0, 0.0, 0.0, 0.0, 0.0, 0.0, 0.0]
INFO - [9.0, 5.0, 4.0, 10.0, 1.0, 0.0, 0.0, 0.0, 0.0, 0.0]
INFO - [9.0, 5.0, 4.0, 10.0, 1.0, 0.0, 0.0, 1.0, 10.0, 4.0, 5.0, 9.0, 0.0, 0.0, 0.0, 0.0, 0.0, 0.0, 0.0, 0.0]
INFO - [0.0, 0.0, 0.0, 0.0, 0.0, 0.0, 0.0, 0.0, 0.0, 0.0]
INFO - [9.0, 5.0, 4.0, 10.0, 1.0, 0.0, 0.0, 0.0, 0.0, 0.0]
INFO - [0.0, 1.0, 10.0, 4.0, 5.0, 9.0, 0.0, 0.0, 0.0, 0.0]
INFO - [0.0, 1.0, 10.0, 4.0, 5.0, 9.0, 0.0, 0.0, 0.0, 0.0]
INFO - [9.0, 5.0, 4.0, 10.0, 1.0, 0.0]
INFO - [0.0, 1.0, 10.0, 4.0, 5.0, 9.0]
INFO - [0.0, 1.0, 10.0, 4.0, 5.0, 9.0]
WARN - ArrayIndexOutOf Bounds
INFO - [9.0, 5.0, 4.0, 10.0, 1.0, 0.0]
INFO - [0.0, 1.0, 4.0, 5.0, 9.0, 10.0]
INFO - [0.0, 1.0, 4.0, 5.0, 9.0, 10.0]
INFO - [9.0, 5.0, 4.0, 10.0, 1.0, 0.0]
INFO - [0.0, 1.0, 4.0, 5.0, 9.0, 10.0]
INFO - [0.0, 1.0, 4.0, 5.0, 9.0, 10.0]
WARN - ArrayIndexOutOf Bounds
WARN - ArrayIndexOutOf Bounds
WARN - ArrayIndexOutOf Bounds
WARN - ArrayIndexOutOf Bounds
WARN - ArrayIndexOutOf Bounds
WARN - ArrayIndexOutOf Bounds
WARN - ArrayIndexOutOf Bounds
WARN - ArrayIndexOutOf Bounds
INFO - [5.0, 7.0, 3.0, 1.0, 4.0, 1.0, 6.0, 9.0, 10.0]
INFO - [1.0, 1.0, 3.0, 4.0, 5.0, 6.0, 7.0, 9.0, 10.0]
INFO - Vector: [5.0, 7.0, 3.0, 1.0, 4.0, 1.0, 6.0, 9.0, 10.0]
INFO - Sorted vector: [1.0, 1.0, 3.0, 4.0, 5.0, 6.0, 7.0, 9.0, 10.0]
INFO - Vector: [5.0, 7.0, 3.0, 1.0, 4.0, 1.0, 6.0, 9.0, 10.0]
INFO - Sorted vector: [1.0, 1.0, 3.0, 4.0, 5.0, 6.0, 7.0, 9.0, 10.0]
INFO - Vector after addition: [1.0, 1.0, 3.0, 4.0, 5.0, 6.0, 7.0, 9.0, 10.0, 20.0]
